#-----------------------------------------------------------
# Vivado v2018.3 (64-bit)
# SW Build 2405991 on Thu Dec  6 23:38:27 MST 2018
# IP Build 2404404 on Fri Dec  7 01:43:56 MST 2018
# Start of session at: Sat Nov 30 14:14:33 2024
# Process ID: 16696
# Current directory: E:/Github_project/Cordic_calculator/Cordic_calculator_vga_ps2
# Command line: vivado.exe -gui_launcher_event rodinguilauncherevent18396 E:\Github_project\Cordic_calculator\Cordic_calculator_vga_ps2\Cordic_calculator.xpr
# Log file: E:/Github_project/Cordic_calculator/Cordic_calculator_vga_ps2/vivado.log
# Journal file: E:/Github_project/Cordic_calculator/Cordic_calculator_vga_ps2\vivado.jou
#-----------------------------------------------------------
start_gui
open_project E:/Github_project/Cordic_calculator/Cordic_calculator_vga_ps2/Cordic_calculator.xpr
INFO: [Project 1-313] Project file moved from 'E:/Vivado/Cordic_calculator_vga_ps2' since last save.
Scanning sources...
Finished scanning sources
INFO: [IP_Flow 19-234] Refreshing IP repositories
INFO: [IP_Flow 19-1704] No user IP repositories specified
INFO: [IP_Flow 19-2313] Loaded Vivado IP repository 'D:/Xilinx/Vivado/2018.3/data/ip'.
open_project: Time (s): cpu = 00:00:11 ; elapsed = 00:00:11 . Memory (MB): peak = 857.125 ; gain = 232.602
update_compile_order -fileset sources_1
synth_design -rtl -name rtl_1
Command: synth_design -rtl -name rtl_1
Starting synth_design
Using part: xc7a35tcpg236-1
Top: Cordic_top
---------------------------------------------------------------------------------
Starting RTL Elaboration : Time (s): cpu = 00:00:01 ; elapsed = 00:00:02 . Memory (MB): peak = 962.801 ; gain = 71.359
---------------------------------------------------------------------------------
INFO: [Synth 8-6157] synthesizing module 'Cordic_top' [E:/Github_project/Cordic_calculator/Cordic_calculator_vga_ps2/Cordic_calculator.srcs/sources_1/new/Cordic_top.v:12]
INFO: [Synth 8-6157] synthesizing module 'clk_div' [E:/Github_project/Cordic_calculator/Cordic_calculator_vga_ps2/Cordic_calculator.srcs/sources_1/new/clk_div.v:13]
INFO: [Synth 8-6155] done synthesizing module 'clk_div' (1#1) [E:/Github_project/Cordic_calculator/Cordic_calculator_vga_ps2/Cordic_calculator.srcs/sources_1/new/clk_div.v:13]
INFO: [Synth 8-6157] synthesizing module 'keyBoard' [E:/Github_project/Cordic_calculator/Cordic_calculator_vga_ps2/Cordic_calculator.srcs/sources_1/new/keyBoard.v:12]
WARNING: [Synth 8-5788] Register xkey_reg in module keyBoard is has both Set and reset with same priority. This may cause simulation mismatches. Consider rewriting code  [E:/Github_project/Cordic_calculator/Cordic_calculator_vga_ps2/Cordic_calculator.srcs/sources_1/new/keyBoard.v:93]
INFO: [Synth 8-6155] done synthesizing module 'keyBoard' (2#1) [E:/Github_project/Cordic_calculator/Cordic_calculator_vga_ps2/Cordic_calculator.srcs/sources_1/new/keyBoard.v:12]
INFO: [Synth 8-6157] synthesizing module 'keyBoard_state' [E:/Github_project/Cordic_calculator/Cordic_calculator_vga_ps2/Cordic_calculator.srcs/sources_1/new/keyBoard_state.v:13]
	Parameter IDLE bound to: 3'b000 
	Parameter DATA_1 bound to: 3'b001 
	Parameter WAIT_1 bound to: 3'b010 
	Parameter DATA_2 bound to: 3'b011 
	Parameter WAIT_2 bound to: 3'b100 
	Parameter DATA_3 bound to: 3'b101 
	Parameter FINISH bound to: 3'b110 
INFO: [Synth 8-155] case statement is not full and has no default [E:/Github_project/Cordic_calculator/Cordic_calculator_vga_ps2/Cordic_calculator.srcs/sources_1/new/keyBoard_state.v:63]
INFO: [Synth 8-155] case statement is not full and has no default [E:/Github_project/Cordic_calculator/Cordic_calculator_vga_ps2/Cordic_calculator.srcs/sources_1/new/keyBoard_state.v:83]
INFO: [Synth 8-155] case statement is not full and has no default [E:/Github_project/Cordic_calculator/Cordic_calculator_vga_ps2/Cordic_calculator.srcs/sources_1/new/keyBoard_state.v:103]
INFO: [Synth 8-155] case statement is not full and has no default [E:/Github_project/Cordic_calculator/Cordic_calculator_vga_ps2/Cordic_calculator.srcs/sources_1/new/keyBoard_state.v:57]
INFO: [Synth 8-6155] done synthesizing module 'keyBoard_state' (3#1) [E:/Github_project/Cordic_calculator/Cordic_calculator_vga_ps2/Cordic_calculator.srcs/sources_1/new/keyBoard_state.v:13]
INFO: [Synth 8-6157] synthesizing module 'display' [E:/Github_project/Cordic_calculator/Cordic_calculator_vga_ps2/Cordic_calculator.srcs/sources_1/new/display.v:13]
INFO: [Synth 8-6157] synthesizing module 'seg7' [E:/Github_project/Cordic_calculator/Cordic_calculator_vga_ps2/Cordic_calculator.srcs/sources_1/new/seg7.v:13]
INFO: [Synth 8-6155] done synthesizing module 'seg7' (4#1) [E:/Github_project/Cordic_calculator/Cordic_calculator_vga_ps2/Cordic_calculator.srcs/sources_1/new/seg7.v:13]
INFO: [Synth 8-6155] done synthesizing module 'display' (5#1) [E:/Github_project/Cordic_calculator/Cordic_calculator_vga_ps2/Cordic_calculator.srcs/sources_1/new/display.v:13]
INFO: [Synth 8-6157] synthesizing module 'bcd2bin' [E:/Github_project/Cordic_calculator/Cordic_calculator_vga_ps2/Cordic_calculator.srcs/sources_1/new/bcd2bin.v:12]
INFO: [Synth 8-6155] done synthesizing module 'bcd2bin' (6#1) [E:/Github_project/Cordic_calculator/Cordic_calculator_vga_ps2/Cordic_calculator.srcs/sources_1/new/bcd2bin.v:12]
INFO: [Synth 8-6157] synthesizing module 'cordic_sin_cos' [E:/Github_project/Cordic_calculator/Cordic_calculator_vga_ps2/Cordic_calculator.srcs/sources_1/new/cordic_sin_cos.v:12]
	Parameter rot_0 bound to: 2949120 - type: integer 
	Parameter rot_1 bound to: 1740970 - type: integer 
	Parameter rot_2 bound to: 919876 - type: integer 
	Parameter rot_3 bound to: 466944 - type: integer 
	Parameter rot_4 bound to: 234376 - type: integer 
	Parameter rot_5 bound to: 117303 - type: integer 
	Parameter rot_6 bound to: 58668 - type: integer 
	Parameter rot_7 bound to: 29334 - type: integer 
	Parameter rot_8 bound to: 14667 - type: integer 
	Parameter rot_9 bound to: 7333 - type: integer 
	Parameter rot_10 bound to: 3670 - type: integer 
	Parameter rot_11 bound to: 1835 - type: integer 
	Parameter rot_12 bound to: 918 - type: integer 
	Parameter rot_13 bound to: 459 - type: integer 
	Parameter rot_14 bound to: 229 - type: integer 
	Parameter rot_15 bound to: 118 - type: integer 
	Parameter PIPELINE bound to: 5'b10000 
	Parameter KN bound to: 39797 - type: integer 
	Parameter IDLE bound to: 2'b00 
	Parameter START_CAL bound to: 2'b01 
	Parameter WAIT_CAL bound to: 2'b10 
	Parameter FINISH_CAL bound to: 2'b11 
INFO: [Synth 8-226] default block is never used [E:/Github_project/Cordic_calculator/Cordic_calculator_vga_ps2/Cordic_calculator.srcs/sources_1/new/cordic_sin_cos.v:85]
INFO: [Synth 8-226] default block is never used [E:/Github_project/Cordic_calculator/Cordic_calculator_vga_ps2/Cordic_calculator.srcs/sources_1/new/cordic_sin_cos.v:134]
WARNING: [Synth 8-6014] Unused sequential element z16_reg was removed.  [E:/Github_project/Cordic_calculator/Cordic_calculator_vga_ps2/Cordic_calculator.srcs/sources_1/new/cordic_sin_cos.v:559]
WARNING: [Synth 8-5788] Register quadrant_reg in module cordic_sin_cos is has both Set and reset with same priority. This may cause simulation mismatches. Consider rewriting code  [E:/Github_project/Cordic_calculator/Cordic_calculator_vga_ps2/Cordic_calculator.srcs/sources_1/new/cordic_sin_cos.v:185]
INFO: [Synth 8-6155] done synthesizing module 'cordic_sin_cos' (7#1) [E:/Github_project/Cordic_calculator/Cordic_calculator_vga_ps2/Cordic_calculator.srcs/sources_1/new/cordic_sin_cos.v:12]
INFO: [Synth 8-6157] synthesizing module 'int2float' [E:/Github_project/Cordic_calculator/Cordic_calculator_vga_ps2/Cordic_calculator.srcs/sources_1/new/int2float.v:12]
	Parameter IDLE bound to: 2'b00 
	Parameter START_TO bound to: 2'b01 
	Parameter WAIT_TO bound to: 2'b10 
	Parameter FINISH_TO bound to: 2'b11 
INFO: [Synth 8-226] default block is never used [E:/Github_project/Cordic_calculator/Cordic_calculator_vga_ps2/Cordic_calculator.srcs/sources_1/new/int2float.v:61]
INFO: [Synth 8-226] default block is never used [E:/Github_project/Cordic_calculator/Cordic_calculator_vga_ps2/Cordic_calculator.srcs/sources_1/new/int2float.v:88]
INFO: [Synth 8-6155] done synthesizing module 'int2float' (8#1) [E:/Github_project/Cordic_calculator/Cordic_calculator_vga_ps2/Cordic_calculator.srcs/sources_1/new/int2float.v:12]
INFO: [Synth 8-6157] synthesizing module 'bin2bcd_54bits' [E:/Github_project/Cordic_calculator/Cordic_calculator_vga_ps2/Cordic_calculator.srcs/sources_1/new/bin2bcd_54bits.v:12]
	Parameter IDLE bound to: 2'b00 
	Parameter START_TO bound to: 2'b01 
	Parameter FINISH_TO bound to: 2'b10 
INFO: [Synth 8-6155] done synthesizing module 'bin2bcd_54bits' (9#1) [E:/Github_project/Cordic_calculator/Cordic_calculator_vga_ps2/Cordic_calculator.srcs/sources_1/new/bin2bcd_54bits.v:12]
INFO: [Synth 8-6157] synthesizing module 'seg_select' [E:/Github_project/Cordic_calculator/Cordic_calculator_vga_ps2/Cordic_calculator.srcs/sources_1/new/seg_select.v:12]
INFO: [Synth 8-6155] done synthesizing module 'seg_select' (10#1) [E:/Github_project/Cordic_calculator/Cordic_calculator_vga_ps2/Cordic_calculator.srcs/sources_1/new/seg_select.v:12]
INFO: [Synth 8-6157] synthesizing module 'vga_640_480' [E:/Github_project/Cordic_calculator/Cordic_calculator_vga_ps2/Cordic_calculator.srcs/sources_1/new/vga_640_480.v:13]
	Parameter hpixels bound to: 10'b1100100000 
	Parameter vlines bound to: 10'b1000001101 
	Parameter hbp bound to: 10'b0010010000 
	Parameter hfp bound to: 10'b1100010000 
	Parameter vbp bound to: 10'b0000100011 
	Parameter vfp bound to: 10'b1000000011 
WARNING: [Synth 8-5788] Register vsenable_reg in module vga_640_480 is has both Set and reset with same priority. This may cause simulation mismatches. Consider rewriting code  [E:/Github_project/Cordic_calculator/Cordic_calculator_vga_ps2/Cordic_calculator.srcs/sources_1/new/vga_640_480.v:38]
INFO: [Synth 8-6155] done synthesizing module 'vga_640_480' (11#1) [E:/Github_project/Cordic_calculator/Cordic_calculator_vga_ps2/Cordic_calculator.srcs/sources_1/new/vga_640_480.v:13]
INFO: [Synth 8-6157] synthesizing module 'vga_initials' [E:/Github_project/Cordic_calculator/Cordic_calculator_vga_ps2/Cordic_calculator.srcs/sources_1/new/vga_initials.v:12]
	Parameter hbp bound to: 10'b0010010000 
	Parameter vbp bound to: 10'b0000100010 
	Parameter up_pos bound to: 267 - type: integer 
	Parameter down_pos bound to: 274 - type: integer 
	Parameter left_pos bound to: 441 - type: integer 
	Parameter right_pos bound to: 470 - type: integer 
	Parameter W bound to: 35 - type: integer 
	Parameter H bound to: 8 - type: integer 
INFO: [Synth 8-6157] synthesizing module 'RAM_set' [E:/Github_project/Cordic_calculator/Cordic_calculator_vga_ps2/Cordic_calculator.srcs/sources_1/new/RAM_set.v:12]
INFO: [Synth 8-6155] done synthesizing module 'RAM_set' (12#1) [E:/Github_project/Cordic_calculator/Cordic_calculator_vga_ps2/Cordic_calculator.srcs/sources_1/new/RAM_set.v:12]
INFO: [Synth 8-6155] done synthesizing module 'vga_initials' (13#1) [E:/Github_project/Cordic_calculator/Cordic_calculator_vga_ps2/Cordic_calculator.srcs/sources_1/new/vga_initials.v:12]
INFO: [Synth 8-6155] done synthesizing module 'Cordic_top' (14#1) [E:/Github_project/Cordic_calculator/Cordic_calculator_vga_ps2/Cordic_calculator.srcs/sources_1/new/Cordic_top.v:12]
WARNING: [Synth 8-3331] design int2float has unconnected port sin_int[31]
WARNING: [Synth 8-3331] design int2float has unconnected port sin_int[30]
WARNING: [Synth 8-3331] design int2float has unconnected port sin_int[29]
WARNING: [Synth 8-3331] design int2float has unconnected port sin_int[28]
WARNING: [Synth 8-3331] design int2float has unconnected port sin_int[27]
WARNING: [Synth 8-3331] design int2float has unconnected port sin_int[26]
WARNING: [Synth 8-3331] design int2float has unconnected port sin_int[25]
WARNING: [Synth 8-3331] design int2float has unconnected port sin_int[24]
WARNING: [Synth 8-3331] design int2float has unconnected port sin_int[23]
WARNING: [Synth 8-3331] design int2float has unconnected port sin_int[22]
WARNING: [Synth 8-3331] design int2float has unconnected port sin_int[21]
WARNING: [Synth 8-3331] design int2float has unconnected port sin_int[20]
WARNING: [Synth 8-3331] design int2float has unconnected port sin_int[19]
WARNING: [Synth 8-3331] design int2float has unconnected port sin_int[18]
WARNING: [Synth 8-3331] design int2float has unconnected port sin_int[17]
WARNING: [Synth 8-3331] design int2float has unconnected port cos_int[31]
WARNING: [Synth 8-3331] design int2float has unconnected port cos_int[30]
WARNING: [Synth 8-3331] design int2float has unconnected port cos_int[29]
WARNING: [Synth 8-3331] design int2float has unconnected port cos_int[28]
WARNING: [Synth 8-3331] design int2float has unconnected port cos_int[27]
WARNING: [Synth 8-3331] design int2float has unconnected port cos_int[26]
WARNING: [Synth 8-3331] design int2float has unconnected port cos_int[25]
WARNING: [Synth 8-3331] design int2float has unconnected port cos_int[24]
WARNING: [Synth 8-3331] design int2float has unconnected port cos_int[23]
WARNING: [Synth 8-3331] design int2float has unconnected port cos_int[22]
WARNING: [Synth 8-3331] design int2float has unconnected port cos_int[21]
WARNING: [Synth 8-3331] design int2float has unconnected port cos_int[20]
WARNING: [Synth 8-3331] design int2float has unconnected port cos_int[19]
WARNING: [Synth 8-3331] design int2float has unconnected port cos_int[18]
WARNING: [Synth 8-3331] design int2float has unconnected port cos_int[17]
---------------------------------------------------------------------------------
Finished RTL Elaboration : Time (s): cpu = 00:00:01 ; elapsed = 00:00:03 . Memory (MB): peak = 1022.004 ; gain = 130.562
---------------------------------------------------------------------------------

Report Check Netlist: 
+------+------------------+-------+---------+-------+------------------+
|      |Item              |Errors |Warnings |Status |Description       |
+------+------------------+-------+---------+-------+------------------+
|1     |multi_driven_nets |      0|        0|Passed |Multi driven nets |
+------+------------------+-------+---------+-------+------------------+
---------------------------------------------------------------------------------
Start Handling Custom Attributes
---------------------------------------------------------------------------------
---------------------------------------------------------------------------------
Finished Handling Custom Attributes : Time (s): cpu = 00:00:02 ; elapsed = 00:00:03 . Memory (MB): peak = 1022.004 ; gain = 130.562
---------------------------------------------------------------------------------
---------------------------------------------------------------------------------
Finished RTL Optimization Phase 1 : Time (s): cpu = 00:00:02 ; elapsed = 00:00:03 . Memory (MB): peak = 1022.004 ; gain = 130.562
---------------------------------------------------------------------------------
INFO: [Device 21-403] Loading part xc7a35tcpg236-1
INFO: [Project 1-570] Preparing netlist for logic optimization

Processing XDC Constraints
Initializing timing engine
Parsing XDC File [E:/Github_project/Cordic_calculator/Cordic_calculator_vga_ps2/Cordic_calculator.srcs/constrs_1/new/Cordic_calculator.xdc]
INFO: [Constraints 18-483] create_clock: no pin(s)/port(s)/net(s) specified as objects, only virtual clock 'clk' will be created. If you don't want this, please specify pin(s)/ports(s)/net(s) as objects to the command. [E:/Github_project/Cordic_calculator/Cordic_calculator_vga_ps2/Cordic_calculator.srcs/constrs_1/new/Cordic_calculator.xdc:133]
Finished Parsing XDC File [E:/Github_project/Cordic_calculator/Cordic_calculator_vga_ps2/Cordic_calculator.srcs/constrs_1/new/Cordic_calculator.xdc]
Completed Processing XDC Constraints

INFO: [Opt 31-138] Pushed 0 inverter(s) to 0 load pin(s).
Netlist sorting complete. Time (s): cpu = 00:00:00 ; elapsed = 00:00:00.001 . Memory (MB): peak = 1373.578 ; gain = 0.000
INFO: [Project 1-111] Unisim Transformation Summary:
No Unisim elements were transformed.

RTL Elaboration Complete:  : Time (s): cpu = 00:00:13 ; elapsed = 00:00:14 . Memory (MB): peak = 1442.918 ; gain = 551.477
41 Infos, 34 Warnings, 0 Critical Warnings and 0 Errors encountered.
synth_design completed successfully
synth_design: Time (s): cpu = 00:00:13 ; elapsed = 00:00:14 . Memory (MB): peak = 1442.918 ; gain = 551.477
