#-----------------------------------------------------------
# Vivado v2018.3 (64-bit)
# SW Build 2405991 on Thu Dec  6 23:38:27 MST 2018
# IP Build 2404404 on Fri Dec  7 01:43:56 MST 2018
# Start of session at: Mon Oct  9 23:14:08 2023
# Process ID: 17588
# Current directory: E:/Vivado/Cordic_calculator
# Command line: vivado.exe -gui_launcher_event rodinguilauncherevent10584 E:\Vivado\Cordic_calculator\Cordic_calculator.xpr
# Log file: E:/Vivado/Cordic_calculator/vivado.log
# Journal file: E:/Vivado/Cordic_calculator\vivado.jou
#-----------------------------------------------------------
start_gui
open_project E:/Vivado/Cordic_calculator/Cordic_calculator.xpr
Scanning sources...
Finished scanning sources
INFO: [IP_Flow 19-234] Refreshing IP repositories
INFO: [IP_Flow 19-1704] No user IP repositories specified
INFO: [IP_Flow 19-2313] Loaded Vivado IP repository 'D:/Xilinx/Vivado/2018.3/data/ip'.
open_project: Time (s): cpu = 00:00:02 ; elapsed = 00:00:08 . Memory (MB): peak = 824.969 ; gain = 199.207
update_compile_order -fileset sources_1
close [ open E:/Vivado/Cordic_calculator/Cordic_calculator.srcs/sources_1/new/key_scan.v w ]
add_files E:/Vivado/Cordic_calculator/Cordic_calculator.srcs/sources_1/new/key_scan.v
update_compile_order -fileset sources_1
exit
INFO: [Common 17-206] Exiting Vivado at Tue Oct 10 10:33:55 2023...
