#-----------------------------------------------------------
# Vivado v2018.3 (64-bit)
# SW Build 2405991 on Thu Dec  6 23:38:27 MST 2018
# IP Build 2404404 on Fri Dec  7 01:43:56 MST 2018
# Start of session at: Sat Nov  2 10:27:20 2024
# Process ID: 26512
# Current directory: E:/Vivado/Cordic_calculator_all/Cordic_calculator
# Command line: vivado.exe -gui_launcher_event rodinguilauncherevent24492 E:\Vivado\Cordic_calculator_all\Cordic_calculator\Cordic_calculator.xpr
# Log file: E:/Vivado/Cordic_calculator_all/Cordic_calculator/vivado.log
# Journal file: E:/Vivado/Cordic_calculator_all/Cordic_calculator\vivado.jou
#-----------------------------------------------------------
start_gui
open_project E:/Vivado/Cordic_calculator_all/Cordic_calculator/Cordic_calculator.xpr
INFO: [Project 1-313] Project file moved from 'E:/Vivado/Cordic_calculator_copy2' since last save.
Scanning sources...
Finished scanning sources
INFO: [IP_Flow 19-234] Refreshing IP repositories
INFO: [IP_Flow 19-1704] No user IP repositories specified
INFO: [IP_Flow 19-2313] Loaded Vivado IP repository 'D:/Xilinx/Vivado/2018.3/data/ip'.
open_project: Time (s): cpu = 00:00:03 ; elapsed = 00:00:09 . Memory (MB): peak = 874.352 ; gain = 245.914
update_compile_order -fileset sources_1
exit
INFO: [Common 17-206] Exiting Vivado at Sat Nov  2 10:32:55 2024...
