#-----------------------------------------------------------
# Vivado v2018.3 (64-bit)
# SW Build 2405991 on Thu Dec  6 23:38:27 MST 2018
# IP Build 2404404 on Fri Dec  7 01:43:56 MST 2018
# Start of session at: Fri Nov 17 10:55:50 2023
# Process ID: 10384
# Current directory: E:/Vivado/Cordic_calculator_copy2
# Command line: vivado.exe -gui_launcher_event rodinguilauncherevent20532 E:\Vivado\Cordic_calculator_copy2\Cordic_calculator.xpr
# Log file: E:/Vivado/Cordic_calculator_copy2/vivado.log
# Journal file: E:/Vivado/Cordic_calculator_copy2\vivado.jou
#-----------------------------------------------------------
start_gui
open_project E:/Vivado/Cordic_calculator_copy2/Cordic_calculator.xpr
INFO: [Project 1-313] Project file moved from 'E:/Vivado/Cordic_calculator' since last save.
Scanning sources...
Finished scanning sources
INFO: [IP_Flow 19-234] Refreshing IP repositories
INFO: [IP_Flow 19-1704] No user IP repositories specified
INFO: [IP_Flow 19-2313] Loaded Vivado IP repository 'D:/Xilinx/Vivado/2018.3/data/ip'.
update_compile_order -fileset sources_1
reset_run synth_1
WARNING: [Vivado 12-1017] Problems encountered:
1. Failed to delete one or more files in run directory E:/Vivado/Cordic_calculator_copy2/Cordic_calculator.runs/synth_1

launch_runs impl_1 -to_step write_bitstream -jobs 20
[Fri Nov 17 11:05:36 2023] Launched synth_1...
Run output will be captured here: E:/Vivado/Cordic_calculator_copy2/Cordic_calculator.runs/synth_1/runme.log
[Fri Nov 17 11:05:36 2023] Launched impl_1...
Run output will be captured here: E:/Vivado/Cordic_calculator_copy2/Cordic_calculator.runs/impl_1/runme.log
open_hw
connect_hw_server -url localhost:3121
INFO: [Labtools 27-2285] Connecting to hw_server url TCP:localhost:3121
current_hw_target [get_hw_targets */xilinx_tcf/Digilent/210183741427A]
set_property PARAM.FREQUENCY 15000000 [get_hw_targets */xilinx_tcf/Digilent/210183741427A]
open_hw_target
INFO: [Labtoolstcl 44-466] Opening hw_target localhost:3121/xilinx_tcf/Digilent/210183741427A
set_property PROGRAM.FILE {E:/Vivado/Cordic_calculator_copy2/Cordic_calculator.runs/impl_1/Cordic_top.bit} [get_hw_devices xc7a35t_0]
current_hw_device [get_hw_devices xc7a35t_0]
refresh_hw_device -update_hw_probes false [lindex [get_hw_devices xc7a35t_0] 0]
INFO: [Labtools 27-1435] Device xc7a35t (JTAG device index = 0) is not programmed (DONE status = 0).
set_property PROBES.FILE {} [get_hw_devices xc7a35t_0]
set_property FULL_PROBES.FILE {} [get_hw_devices xc7a35t_0]
set_property PROGRAM.FILE {E:/Vivado/Cordic_calculator_copy2/Cordic_calculator.runs/impl_1/Cordic_top.bit} [get_hw_devices xc7a35t_0]
program_hw_devices [get_hw_devices xc7a35t_0]
INFO: [Labtools 27-3164] End of startup status: HIGH
refresh_hw_device [lindex [get_hw_devices xc7a35t_0] 0]
INFO: [Labtools 27-1434] Device xc7a35t (JTAG device index = 0) is programmed with a design that has no supported debug core(s) in it.
set_property PROBES.FILE {} [get_hw_devices xc7a35t_0]
set_property FULL_PROBES.FILE {} [get_hw_devices xc7a35t_0]
set_property PROGRAM.FILE {E:/Vivado/Cordic_calculator_copy2/Cordic_calculator.runs/impl_1/Cordic_top.bit} [get_hw_devices xc7a35t_0]
program_hw_devices [get_hw_devices xc7a35t_0]
INFO: [Labtools 27-3164] End of startup status: HIGH
refresh_hw_device [lindex [get_hw_devices xc7a35t_0] 0]
INFO: [Labtools 27-1434] Device xc7a35t (JTAG device index = 0) is programmed with a design that has no supported debug core(s) in it.
reset_run synth_1
WARNING: [Vivado 12-1017] Problems encountered:
1. Failed to delete one or more files in run directory E:/Vivado/Cordic_calculator_copy2/Cordic_calculator.runs/synth_1

launch_runs impl_1 -to_step write_bitstream -jobs 20
[Fri Nov 17 11:19:26 2023] Launched synth_1...
Run output will be captured here: E:/Vivado/Cordic_calculator_copy2/Cordic_calculator.runs/synth_1/runme.log
[Fri Nov 17 11:19:26 2023] Launched impl_1...
Run output will be captured here: E:/Vivado/Cordic_calculator_copy2/Cordic_calculator.runs/impl_1/runme.log
set_property PROBES.FILE {} [get_hw_devices xc7a35t_0]
set_property FULL_PROBES.FILE {} [get_hw_devices xc7a35t_0]
set_property PROGRAM.FILE {E:/Vivado/Cordic_calculator_copy2/Cordic_calculator.runs/impl_1/Cordic_top.bit} [get_hw_devices xc7a35t_0]
program_hw_devices [get_hw_devices xc7a35t_0]
INFO: [Labtools 27-3164] End of startup status: HIGH
refresh_hw_device [lindex [get_hw_devices xc7a35t_0] 0]
INFO: [Labtools 27-1434] Device xc7a35t (JTAG device index = 0) is programmed with a design that has no supported debug core(s) in it.
reset_run synth_1
WARNING: [Vivado 12-1017] Problems encountered:
1. Failed to delete one or more files in run directory E:/Vivado/Cordic_calculator_copy2/Cordic_calculator.runs/synth_1

launch_runs impl_1 -to_step write_bitstream -jobs 20
[Fri Nov 17 11:35:01 2023] Launched synth_1...
Run output will be captured here: E:/Vivado/Cordic_calculator_copy2/Cordic_calculator.runs/synth_1/runme.log
[Fri Nov 17 11:35:01 2023] Launched impl_1...
Run output will be captured here: E:/Vivado/Cordic_calculator_copy2/Cordic_calculator.runs/impl_1/runme.log
set_property PROBES.FILE {} [get_hw_devices xc7a35t_0]
set_property FULL_PROBES.FILE {} [get_hw_devices xc7a35t_0]
set_property PROGRAM.FILE {E:/Vivado/Cordic_calculator_copy2/Cordic_calculator.runs/impl_1/Cordic_top.bit} [get_hw_devices xc7a35t_0]
program_hw_devices [get_hw_devices xc7a35t_0]
INFO: [Labtools 27-3164] End of startup status: HIGH
refresh_hw_device [lindex [get_hw_devices xc7a35t_0] 0]
INFO: [Labtools 27-1434] Device xc7a35t (JTAG device index = 0) is programmed with a design that has no supported debug core(s) in it.
update_compile_order -fileset sources_1
update_compile_order -fileset sources_1
reset_run synth_1
WARNING: [Vivado 12-1017] Problems encountered:
1. Failed to delete one or more files in run directory E:/Vivado/Cordic_calculator_copy2/Cordic_calculator.runs/synth_1

launch_runs impl_1 -to_step write_bitstream -jobs 20
[Fri Nov 17 12:40:09 2023] Launched synth_1...
Run output will be captured here: E:/Vivado/Cordic_calculator_copy2/Cordic_calculator.runs/synth_1/runme.log
[Fri Nov 17 12:40:09 2023] Launched impl_1...
Run output will be captured here: E:/Vivado/Cordic_calculator_copy2/Cordic_calculator.runs/impl_1/runme.log
set_property PROBES.FILE {} [get_hw_devices xc7a35t_0]
set_property FULL_PROBES.FILE {} [get_hw_devices xc7a35t_0]
set_property PROGRAM.FILE {E:/Vivado/Cordic_calculator_copy2/Cordic_calculator.runs/impl_1/Cordic_top.bit} [get_hw_devices xc7a35t_0]
program_hw_devices [get_hw_devices xc7a35t_0]
INFO: [Labtools 27-3164] End of startup status: HIGH
refresh_hw_device [lindex [get_hw_devices xc7a35t_0] 0]
INFO: [Labtools 27-1434] Device xc7a35t (JTAG device index = 0) is programmed with a design that has no supported debug core(s) in it.
reset_run synth_1
WARNING: [Vivado 12-1017] Problems encountered:
1. Failed to delete one or more files in run directory E:/Vivado/Cordic_calculator_copy2/Cordic_calculator.runs/synth_1

launch_runs impl_1 -to_step write_bitstream -jobs 20
[Fri Nov 17 12:46:46 2023] Launched synth_1...
Run output will be captured here: E:/Vivado/Cordic_calculator_copy2/Cordic_calculator.runs/synth_1/runme.log
[Fri Nov 17 12:46:46 2023] Launched impl_1...
Run output will be captured here: E:/Vivado/Cordic_calculator_copy2/Cordic_calculator.runs/impl_1/runme.log
set_property PROBES.FILE {} [get_hw_devices xc7a35t_0]
set_property FULL_PROBES.FILE {} [get_hw_devices xc7a35t_0]
set_property PROGRAM.FILE {E:/Vivado/Cordic_calculator_copy2/Cordic_calculator.runs/impl_1/Cordic_top.bit} [get_hw_devices xc7a35t_0]
program_hw_devices [get_hw_devices xc7a35t_0]
INFO: [Labtools 27-3164] End of startup status: HIGH
refresh_hw_device [lindex [get_hw_devices xc7a35t_0] 0]
INFO: [Labtools 27-1434] Device xc7a35t (JTAG device index = 0) is programmed with a design that has no supported debug core(s) in it.
reset_run synth_1
WARNING: [Vivado 12-1017] Problems encountered:
1. Failed to delete one or more files in run directory E:/Vivado/Cordic_calculator_copy2/Cordic_calculator.runs/synth_1

launch_runs impl_1 -to_step write_bitstream -jobs 20
[Fri Nov 17 12:49:47 2023] Launched synth_1...
Run output will be captured here: E:/Vivado/Cordic_calculator_copy2/Cordic_calculator.runs/synth_1/runme.log
[Fri Nov 17 12:49:47 2023] Launched impl_1...
Run output will be captured here: E:/Vivado/Cordic_calculator_copy2/Cordic_calculator.runs/impl_1/runme.log
set_property PROBES.FILE {} [get_hw_devices xc7a35t_0]
set_property FULL_PROBES.FILE {} [get_hw_devices xc7a35t_0]
set_property PROGRAM.FILE {E:/Vivado/Cordic_calculator_copy2/Cordic_calculator.runs/impl_1/Cordic_top.bit} [get_hw_devices xc7a35t_0]
program_hw_devices [get_hw_devices xc7a35t_0]
INFO: [Labtools 27-3164] End of startup status: HIGH
refresh_hw_device [lindex [get_hw_devices xc7a35t_0] 0]
INFO: [Labtools 27-1434] Device xc7a35t (JTAG device index = 0) is programmed with a design that has no supported debug core(s) in it.
update_compile_order -fileset sources_1
update_compile_order -fileset sources_1
update_compile_order -fileset sources_1
update_compile_order -fileset sources_1
update_compile_order -fileset sources_1
update_compile_order -fileset sources_1
update_compile_order -fileset sources_1
update_compile_order -fileset sources_1
update_compile_order -fileset sources_1
update_compile_order -fileset sources_1
update_compile_order -fileset sources_1
update_compile_order -fileset sources_1
update_compile_order -fileset sources_1
update_compile_order -fileset sources_1
update_compile_order -fileset sources_1
update_compile_order -fileset sources_1
reset_run synth_1
WARNING: [Vivado 12-1017] Problems encountered:
1. Failed to delete one or more files in run directory E:/Vivado/Cordic_calculator_copy2/Cordic_calculator.runs/synth_1

launch_runs impl_1 -to_step write_bitstream -jobs 20
[Fri Nov 17 16:17:04 2023] Launched synth_1...
Run output will be captured here: E:/Vivado/Cordic_calculator_copy2/Cordic_calculator.runs/synth_1/runme.log
[Fri Nov 17 16:17:04 2023] Launched impl_1...
Run output will be captured here: E:/Vivado/Cordic_calculator_copy2/Cordic_calculator.runs/impl_1/runme.log
update_compile_order -fileset sources_1
update_compile_order -fileset sources_1
update_compile_order -fileset sources_1
update_compile_order -fileset sources_1
reset_run synth_1
WARNING: [Vivado 12-1017] Problems encountered:
1. Failed to delete one or more files in run directory E:/Vivado/Cordic_calculator_copy2/Cordic_calculator.runs/synth_1

launch_runs impl_1 -to_step write_bitstream -jobs 20
[Fri Nov 17 16:26:28 2023] Launched synth_1...
Run output will be captured here: E:/Vivado/Cordic_calculator_copy2/Cordic_calculator.runs/synth_1/runme.log
[Fri Nov 17 16:26:28 2023] Launched impl_1...
Run output will be captured here: E:/Vivado/Cordic_calculator_copy2/Cordic_calculator.runs/impl_1/runme.log
set_property PROBES.FILE {} [get_hw_devices xc7a35t_0]
set_property FULL_PROBES.FILE {} [get_hw_devices xc7a35t_0]
set_property PROGRAM.FILE {E:/Vivado/Cordic_calculator_copy2/Cordic_calculator.runs/impl_1/Cordic_top.bit} [get_hw_devices xc7a35t_0]
program_hw_devices [get_hw_devices xc7a35t_0]
INFO: [Labtools 27-3164] End of startup status: HIGH
refresh_hw_device [lindex [get_hw_devices xc7a35t_0] 0]
INFO: [Labtools 27-1434] Device xc7a35t (JTAG device index = 0) is programmed with a design that has no supported debug core(s) in it.
update_compile_order -fileset sources_1
update_compile_order -fileset sources_1
reset_run synth_1
WARNING: [Vivado 12-1017] Problems encountered:
1. Failed to delete one or more files in run directory E:/Vivado/Cordic_calculator_copy2/Cordic_calculator.runs/synth_1

launch_runs impl_1 -to_step write_bitstream -jobs 20
[Fri Nov 17 17:08:43 2023] Launched synth_1...
Run output will be captured here: E:/Vivado/Cordic_calculator_copy2/Cordic_calculator.runs/synth_1/runme.log
[Fri Nov 17 17:08:43 2023] Launched impl_1...
Run output will be captured here: E:/Vivado/Cordic_calculator_copy2/Cordic_calculator.runs/impl_1/runme.log
reset_run synth_1
WARNING: [Vivado 12-1017] Problems encountered:
1. Failed to delete one or more files in run directory E:/Vivado/Cordic_calculator_copy2/Cordic_calculator.runs/synth_1

launch_runs impl_1 -to_step write_bitstream -jobs 20
[Fri Nov 17 17:10:57 2023] Launched synth_1...
Run output will be captured here: E:/Vivado/Cordic_calculator_copy2/Cordic_calculator.runs/synth_1/runme.log
[Fri Nov 17 17:10:57 2023] Launched impl_1...
Run output will be captured here: E:/Vivado/Cordic_calculator_copy2/Cordic_calculator.runs/impl_1/runme.log
set_property PROBES.FILE {} [get_hw_devices xc7a35t_0]
set_property FULL_PROBES.FILE {} [get_hw_devices xc7a35t_0]
set_property PROGRAM.FILE {E:/Vivado/Cordic_calculator_copy2/Cordic_calculator.runs/impl_1/Cordic_top.bit} [get_hw_devices xc7a35t_0]
program_hw_devices [get_hw_devices xc7a35t_0]
INFO: [Labtools 27-3164] End of startup status: HIGH
refresh_hw_device [lindex [get_hw_devices xc7a35t_0] 0]
INFO: [Labtools 27-1434] Device xc7a35t (JTAG device index = 0) is programmed with a design that has no supported debug core(s) in it.
reset_run synth_1
WARNING: [Vivado 12-1017] Problems encountered:
1. Failed to delete one or more files in run directory E:/Vivado/Cordic_calculator_copy2/Cordic_calculator.runs/synth_1

launch_runs impl_1 -to_step write_bitstream -jobs 20
[Fri Nov 17 17:14:20 2023] Launched synth_1...
Run output will be captured here: E:/Vivado/Cordic_calculator_copy2/Cordic_calculator.runs/synth_1/runme.log
[Fri Nov 17 17:14:20 2023] Launched impl_1...
Run output will be captured here: E:/Vivado/Cordic_calculator_copy2/Cordic_calculator.runs/impl_1/runme.log
set_property PROBES.FILE {} [get_hw_devices xc7a35t_0]
set_property FULL_PROBES.FILE {} [get_hw_devices xc7a35t_0]
set_property PROGRAM.FILE {E:/Vivado/Cordic_calculator_copy2/Cordic_calculator.runs/impl_1/Cordic_top.bit} [get_hw_devices xc7a35t_0]
program_hw_devices [get_hw_devices xc7a35t_0]
INFO: [Labtools 27-3164] End of startup status: HIGH
refresh_hw_device [lindex [get_hw_devices xc7a35t_0] 0]
INFO: [Labtools 27-1434] Device xc7a35t (JTAG device index = 0) is programmed with a design that has no supported debug core(s) in it.
set_property PROBES.FILE {} [get_hw_devices xc7a35t_0]
set_property FULL_PROBES.FILE {} [get_hw_devices xc7a35t_0]
set_property PROGRAM.FILE {E:/Vivado/Cordic_calculator_copy2/Cordic_calculator.runs/impl_1/Cordic_top.bit} [get_hw_devices xc7a35t_0]
program_hw_devices [get_hw_devices xc7a35t_0]
INFO: [Labtools 27-3164] End of startup status: HIGH
refresh_hw_device [lindex [get_hw_devices xc7a35t_0] 0]
INFO: [Labtools 27-1434] Device xc7a35t (JTAG device index = 0) is programmed with a design that has no supported debug core(s) in it.
set_property PROBES.FILE {} [get_hw_devices xc7a35t_0]
set_property FULL_PROBES.FILE {} [get_hw_devices xc7a35t_0]
set_property PROGRAM.FILE {E:/Vivado/Cordic_calculator_copy2/Cordic_calculator.runs/impl_1/Cordic_top.bit} [get_hw_devices xc7a35t_0]
program_hw_devices [get_hw_devices xc7a35t_0]
INFO: [Labtools 27-3164] End of startup status: HIGH
refresh_hw_device [lindex [get_hw_devices xc7a35t_0] 0]
INFO: [Labtools 27-1434] Device xc7a35t (JTAG device index = 0) is programmed with a design that has no supported debug core(s) in it.
set_property PROBES.FILE {} [get_hw_devices xc7a35t_0]
set_property FULL_PROBES.FILE {} [get_hw_devices xc7a35t_0]
set_property PROGRAM.FILE {E:/Vivado/Cordic_calculator_copy2/Cordic_calculator.runs/impl_1/Cordic_top.bit} [get_hw_devices xc7a35t_0]
program_hw_devices [get_hw_devices xc7a35t_0]
INFO: [Labtools 27-3164] End of startup status: HIGH
refresh_hw_device [lindex [get_hw_devices xc7a35t_0] 0]
INFO: [Labtools 27-1434] Device xc7a35t (JTAG device index = 0) is programmed with a design that has no supported debug core(s) in it.
ERROR: [Labtoolstcl 44-513] HW Target shutdown. Closing target: localhost:3121/xilinx_tcf/Digilent/210183741427A
export_ip_user_files -of_objects  [get_files E:/Vivado/Cordic_calculator_copy2/Cordic_calculator.srcs/sources_1/new/switch2bcd.v] -no_script -reset -force -quiet
remove_files  E:/Vivado/Cordic_calculator_copy2/Cordic_calculator.srcs/sources_1/new/switch2bcd.v
file delete -force E:/Vivado/Cordic_calculator_copy2/Cordic_calculator.srcs/sources_1/new/switch2bcd.v
