# //  ModelSim SE-64 2020.4 Oct 13 2020
# //
# //  Copyright 1991-2020 Mentor Graphics Corporation
# //  All Rights Reserved.
# //
# //  ModelSim SE-64 and its associated documentation contain trade
# //  secrets and commercial or financial information that are the property of
# //  Mentor Graphics Corporation and are privileged, confidential,
# //  and exempt from disclosure under the Freedom of Information Act,
# //  5 U.S.C. Section 552. Furthermore, this information
# //  is prohibited from disclosure under the Trade Secrets Act,
# //  18 U.S.C. Section 1905.
# //
# do {testbench_simulate.do}
# vsim -voptargs=""+acc"" -L xil_defaultlib -L unisims_ver -L secureip -lib xil_defaultlib xil_defaultlib.testbench xil_defaultlib.glbl 
# Start time: 05:43:54 on Nov 13,2023
# ** Note: (vsim-3813) Design is being optimized due to module recompilation...
# ** Warning: ../../../../../Cordic_calculator.srcs/sim_1/new/testbench.v(22): (vopt-2685) [TFMPC] - Too few port connections for 'Cordic_calculator'.  Expected 16, found 15.
# ** Warning: ../../../../../Cordic_calculator.srcs/sim_1/new/testbench.v(22): (vopt-2718) [TFMPC] - Missing connection for port 'sin'.
# ** Note: (vsim-12126) Error and warning message counts have been restored: Errors=0, Warnings=2.
# Loading work.testbench(fast)
# Loading work.Cordic_top(fast)
# Loading work.switch2bcd(fast)
# Loading unisims_ver.LUT5(fast)
# Loading unisims_ver.LUT4(fast)
# Loading unisims_ver.LUT4(fast__1)
# Loading unisims_ver.LUT5(fast__1)
# Loading unisims_ver.LUT5(fast__2)
# Loading unisims_ver.LUT4(fast__2)
# Loading unisims_ver.LUT4(fast__3)
# Loading unisims_ver.FDCE(fast)
# Loading unisims_ver.LUT2(fast)
# Loading unisims_ver.LUT4(fast__4)
# Loading unisims_ver.LUT6(fast)
# Loading unisims_ver.LUT3(fast)
# Loading unisims_ver.LUT6(fast__1)
# Loading unisims_ver.LUT5(fast__3)
# Loading unisims_ver.LUT5(fast__4)
# Loading unisims_ver.LUT6(fast__2)
# Loading unisims_ver.LUT6(fast__3)
# Loading unisims_ver.LUT5(fast__5)
# Loading work.display(fast)
# Loading work.seg7(fast)
# Loading unisims_ver.LUT4(fast__5)
# Loading unisims_ver.LUT4(fast__6)
# Loading unisims_ver.LUT4(fast__7)
# Loading unisims_ver.LUT4(fast__8)
# Loading unisims_ver.LUT4(fast__9)
# Loading unisims_ver.LUT4(fast__10)
# Loading unisims_ver.LUT4(fast__11)
# Loading unisims_ver.LUT1(fast)
# Loading unisims_ver.LUT2(fast__1)
# Loading unisims_ver.FDRE(fast)
# Loading unisims_ver.FDSE(fast)
# Loading unisims_ver.CARRY4(fast)
# Loading unisims_ver.LUT2(fast__2)
# Loading work.key_scan(fast)
# Loading unisims_ver.LUT2(fast__3)
# Loading unisims_ver.LUT3(fast__1)
# Loading unisims_ver.LUT6(fast__4)
# Loading unisims_ver.LUT4(fast__12)
# Loading unisims_ver.LUT3(fast__2)
# Loading unisims_ver.LUT4(fast__13)
# Loading unisims_ver.LUT4(fast__14)
# Loading unisims_ver.LUT2(fast__4)
# Loading unisims_ver.LUT4(fast__15)
# Loading work.cordic_sin_cos(fast)
# Loading unisims_ver.LUT6(fast__5)
# Loading unisims_ver.LUT4(fast__16)
# Loading unisims_ver.LUT6(fast__6)
# Loading unisims_ver.LUT6(fast__7)
# Loading unisims_ver.LDCE(fast)
# Loading unisims_ver.LUT3(fast__3)
# Loading unisims_ver.LUT4(fast__17)
# Loading unisims_ver.LUT5(fast__6)
# Loading unisims_ver.LUT6(fast__8)
# Loading unisims_ver.LUT6(fast__9)
# Loading unisims_ver.LUT6(fast__10)
# Loading unisims_ver.LUT2(fast__5)
# Loading unisims_ver.LUT6(fast__11)
# Loading unisims_ver.LUT5(fast__7)
# Loading unisims_ver.LUT1(fast__1)
# Loading unisims_ver.LUT3(fast__4)
# Loading unisims_ver.LUT2(fast__6)
# Loading unisims_ver.LUT3(fast__5)
# Loading unisims_ver.FDPE(fast)
# Loading work.int2float(fast)
# Loading unisims_ver.LUT6(fast__12)
# Loading unisims_ver.LUT6(fast__13)
# Loading unisims_ver.LUT6(fast__14)
# Loading unisims_ver.LUT2(fast__7)
# Loading unisims_ver.LUT4(fast__18)
# Loading unisims_ver.LUT6(fast__15)
# Loading unisims_ver.LUT2(fast__8)
# Loading unisims_ver.LUT4(fast__19)
# Loading unisims_ver.LUT5(fast__8)
# Loading unisims_ver.LUT6(fast__16)
# Loading unisims_ver.LUT6(fast__17)
# Loading unisims_ver.LUT3(fast__6)
# Loading unisims_ver.LUT6(fast__18)
# Loading unisims_ver.LUT3(fast__7)
# Loading unisims_ver.LUT6(fast__19)
# Loading unisims_ver.LUT6(fast__20)
# Loading unisims_ver.LUT3(fast__8)
# Loading unisims_ver.LUT3(fast__9)
# Loading unisims_ver.SRL16E(fast)
# Loading work.bin2bcd_54bits(fast)
# Loading unisims_ver.LUT5(fast__9)
# Loading unisims_ver.LUT4(fast__20)
# Loading unisims_ver.LUT5(fast__10)
# Loading unisims_ver.LUT5(fast__11)
# Loading unisims_ver.LUT4(fast__21)
# Loading unisims_ver.LUT4(fast__22)
# Loading unisims_ver.LUT6(fast__21)
# Loading unisims_ver.LUT4(fast__23)
# Loading unisims_ver.LUT5(fast__12)
# Loading unisims_ver.LUT6(fast__22)
# Loading unisims_ver.LUT3(fast__10)
# Loading unisims_ver.LUT5(fast__13)
# Loading unisims_ver.LUT6(fast__23)
# Loading unisims_ver.LUT6(fast__24)
# Loading unisims_ver.LUT4(fast__24)
# Loading unisims_ver.LUT4(fast__25)
# Loading unisims_ver.LUT3(fast__11)
# Loading unisims_ver.LUT4(fast__26)
# Loading unisims_ver.LUT3(fast__12)
# Loading unisims_ver.LUT4(fast__27)
# Loading unisims_ver.LUT5(fast__14)
# Loading unisims_ver.LUT6(fast__25)
# Loading unisims_ver.LUT4(fast__28)
# Loading unisims_ver.LUT4(fast__29)
# Loading unisims_ver.LUT4(fast__30)
# Loading unisims_ver.LUT5(fast__15)
# Loading unisims_ver.LUT6(fast__26)
# Loading unisims_ver.LUT6(fast__27)
# Loading unisims_ver.LUT5(fast__16)
# Loading unisims_ver.LUT6(fast__28)
# Loading work.seg_select(fast)
# Loading unisims_ver.LUT6(fast__29)
# Loading unisims_ver.LUT5(fast__17)
# Loading unisims_ver.MUXF7(fast)
# Loading unisims_ver.OBUF(fast)
# Loading unisims_ver.BUFG(fast)
# Loading unisims_ver.BUFG(fast__1)
# Loading unisims_ver.IBUF(fast)
# Loading unisims_ver.IBUF(fast__1)
# Loading work.glbl(fast)
# 1
# 1
# .main_pane.wave.interior.cs.body.pw.wf
# .main_pane.structure.interior.cs.body.struct
# .main_pane.objects.interior.cs.body.tree
add wave -position end sim:/testbench/Cordic_calculator/U7/*
restart
# ** Note: (vsim-12125) Error and warning message counts have been reset to '0' because of 'restart'.
# ** Note: (vsim-8009) Loading existing optimized design _opt
# ** Note: (vsim-12126) Error and warning message counts have been restored: Errors=0, Warnings=2.
# Loading work.testbench(fast)
# Loading work.Cordic_top(fast)
# Loading work.switch2bcd(fast)
# Loading unisims_ver.LUT5(fast)
# Loading unisims_ver.LUT4(fast)
# Loading unisims_ver.LUT4(fast__1)
# Loading unisims_ver.LUT5(fast__1)
# Loading unisims_ver.LUT5(fast__2)
# Loading unisims_ver.LUT4(fast__2)
# Loading unisims_ver.LUT4(fast__3)
# Loading unisims_ver.FDCE(fast)
# Loading unisims_ver.LUT2(fast)
# Loading unisims_ver.LUT4(fast__4)
# Loading unisims_ver.LUT6(fast)
# Loading unisims_ver.LUT3(fast)
# Loading unisims_ver.LUT6(fast__1)
# Loading unisims_ver.LUT5(fast__3)
# Loading unisims_ver.LUT5(fast__4)
# Loading unisims_ver.LUT6(fast__2)
# Loading unisims_ver.LUT6(fast__3)
# Loading unisims_ver.LUT5(fast__5)
# Loading work.display(fast)
# Loading work.seg7(fast)
# Loading unisims_ver.LUT4(fast__5)
# Loading unisims_ver.LUT4(fast__6)
# Loading unisims_ver.LUT4(fast__7)
# Loading unisims_ver.LUT4(fast__8)
# Loading unisims_ver.LUT4(fast__9)
# Loading unisims_ver.LUT4(fast__10)
# Loading unisims_ver.LUT4(fast__11)
# Loading unisims_ver.LUT1(fast)
# Loading unisims_ver.LUT2(fast__1)
# Loading unisims_ver.FDRE(fast)
# Loading unisims_ver.FDSE(fast)
# Loading unisims_ver.CARRY4(fast)
# Loading unisims_ver.LUT2(fast__2)
# Loading work.key_scan(fast)
# Loading unisims_ver.LUT2(fast__3)
# Loading unisims_ver.LUT3(fast__1)
# Loading unisims_ver.LUT6(fast__4)
# Loading unisims_ver.LUT4(fast__12)
# Loading unisims_ver.LUT3(fast__2)
# Loading unisims_ver.LUT4(fast__13)
# Loading unisims_ver.LUT4(fast__14)
# Loading unisims_ver.LUT2(fast__4)
# Loading unisims_ver.LUT4(fast__15)
# Loading work.cordic_sin_cos(fast)
# Loading unisims_ver.LUT6(fast__5)
# Loading unisims_ver.LUT4(fast__16)
# Loading unisims_ver.LUT6(fast__6)
# Loading unisims_ver.LUT6(fast__7)
# Loading unisims_ver.LDCE(fast)
# Loading unisims_ver.LUT3(fast__3)
# Loading unisims_ver.LUT4(fast__17)
# Loading unisims_ver.LUT5(fast__6)
# Loading unisims_ver.LUT6(fast__8)
# Loading unisims_ver.LUT6(fast__9)
# Loading unisims_ver.LUT6(fast__10)
# Loading unisims_ver.LUT2(fast__5)
# Loading unisims_ver.LUT6(fast__11)
# Loading unisims_ver.LUT5(fast__7)
# Loading unisims_ver.LUT1(fast__1)
# Loading unisims_ver.LUT3(fast__4)
# Loading unisims_ver.LUT2(fast__6)
# Loading unisims_ver.LUT3(fast__5)
# Loading unisims_ver.FDPE(fast)
# Loading work.int2float(fast)
# Loading unisims_ver.LUT6(fast__12)
# Loading unisims_ver.LUT6(fast__13)
# Loading unisims_ver.LUT6(fast__14)
# Loading unisims_ver.LUT2(fast__7)
# Loading unisims_ver.LUT4(fast__18)
# Loading unisims_ver.LUT6(fast__15)
# Loading unisims_ver.LUT2(fast__8)
# Loading unisims_ver.LUT4(fast__19)
# Loading unisims_ver.LUT5(fast__8)
# Loading unisims_ver.LUT6(fast__16)
# Loading unisims_ver.LUT6(fast__17)
# Loading unisims_ver.LUT3(fast__6)
# Loading unisims_ver.LUT6(fast__18)
# Loading unisims_ver.LUT3(fast__7)
# Loading unisims_ver.LUT6(fast__19)
# Loading unisims_ver.LUT6(fast__20)
# Loading unisims_ver.LUT3(fast__8)
# Loading unisims_ver.LUT3(fast__9)
# Loading unisims_ver.SRL16E(fast)
# Loading work.bin2bcd_54bits(fast)
# Loading unisims_ver.LUT5(fast__9)
# Loading unisims_ver.LUT4(fast__20)
# Loading unisims_ver.LUT5(fast__10)
# Loading unisims_ver.LUT5(fast__11)
# Loading unisims_ver.LUT4(fast__21)
# Loading unisims_ver.LUT4(fast__22)
# Loading unisims_ver.LUT6(fast__21)
# Loading unisims_ver.LUT4(fast__23)
# Loading unisims_ver.LUT5(fast__12)
# Loading unisims_ver.LUT6(fast__22)
# Loading unisims_ver.LUT3(fast__10)
# Loading unisims_ver.LUT5(fast__13)
# Loading unisims_ver.LUT6(fast__23)
# Loading unisims_ver.LUT6(fast__24)
# Loading unisims_ver.LUT4(fast__24)
# Loading unisims_ver.LUT4(fast__25)
# Loading unisims_ver.LUT3(fast__11)
# Loading unisims_ver.LUT4(fast__26)
# Loading unisims_ver.LUT3(fast__12)
# Loading unisims_ver.LUT4(fast__27)
# Loading unisims_ver.LUT5(fast__14)
# Loading unisims_ver.LUT6(fast__25)
# Loading unisims_ver.LUT4(fast__28)
# Loading unisims_ver.LUT4(fast__29)
# Loading unisims_ver.LUT4(fast__30)
# Loading unisims_ver.LUT5(fast__15)
# Loading unisims_ver.LUT6(fast__26)
# Loading unisims_ver.LUT6(fast__27)
# Loading unisims_ver.LUT5(fast__16)
# Loading unisims_ver.LUT6(fast__28)
# Loading work.seg_select(fast)
# Loading unisims_ver.LUT6(fast__29)
# Loading unisims_ver.LUT5(fast__17)
# Loading unisims_ver.MUXF7(fast)
# Loading unisims_ver.OBUF(fast)
# Loading unisims_ver.BUFG(fast)
# Loading unisims_ver.BUFG(fast__1)
# Loading unisims_ver.IBUF(fast)
# Loading unisims_ver.IBUF(fast__1)
# Loading work.glbl(fast)
run -all
# End time: 05:46:58 on Nov 13,2023, Elapsed time: 0:03:04
# Errors: 0, Warnings: 2
