# do {testbench_compile.do}
# ** Warning: (vlib-34) Library already exists at "modelsim_lib/work".
# Errors: 0, Warnings: 1
# ** Warning: (vlib-34) Library already exists at "modelsim_lib/msim".
# Errors: 0, Warnings: 1
# ** Warning: (vlib-34) Library already exists at "modelsim_lib/msim/xil_defaultlib".
# Errors: 0, Warnings: 1
# Model Technology ModelSim SE-64 vmap 2020.4 Lib Mapping Utility 2020.10 Oct 13 2020
# vmap xil_defaultlib modelsim_lib/msim/xil_defaultlib 
# Modifying modelsim.ini
# ** Warning: (vlog-159) Mode option -64 is not supported in this context and will be ignored.
# Model Technology ModelSim SE-64 vlog 2020.4 Compiler 2020.10 Oct 13 2020
# Start time: 05:43:49 on Nov 13,2023
# vlog -64 -incr -work xil_defaultlib testbench_func_synth.v ../../../../../Cordic_calculator.srcs/sim_1/new/testbench.v 
# -- Compiling module Cordic_top
# -- Compiling module bin2bcd_54bits
# -- Compiling module cordic_sin_cos
# -- Compiling module display
# -- Compiling module int2float
# -- Compiling module key_scan
# -- Compiling module seg7
# -- Compiling module seg_select
# -- Compiling module switch2bcd
# -- Compiling module glbl
# -- Compiling module testbench
# 
# Top level modules:
# 	glbl
# 	testbench
# End time: 05:43:49 on Nov 13,2023, Elapsed time: 0:00:00
# Errors: 0, Warnings: 1
